빌드 시작: 2019-06-21 오후 6:31:18
     1>2 노드의 "C:\Users\main\Documents\Visual Studio 2010\Projects\_Argos\_Argos_setting_12\_Argos_setting_12\_Argos_setting_12.vcxproj" 프로젝트(build 대상)입니다.
     1>InitializeBuildStatus:
         "AlwaysCreate"이(가) 지정되었기 때문에 "Debug\_Argos_setting_12.unsuccessfulbuild"을(를) 만들고 있습니다.
       ClCompile:
         모든 출력이 최신 상태입니다.
         모든 출력이 최신 상태입니다.
       ResourceCompile:
         C:\Program Files (x86)\Microsoft SDKs\Windows\v7.0A\bin\rc.exe /D _DEBUG /D _AFXDLL /l"0x0412" /IDebug\ /nologo /fo"Debug\_Argos_setting_12.res" _Argos_setting_12.rc 
       ManifestResourceCompile:
         모든 출력이 최신 상태입니다.
       Link:
         C:\Program Files (x86)\Microsoft Visual Studio 10.0\VC\bin\link.exe /ERRORREPORT:PROMPT /OUT:"C:\Users\main\Documents\Visual Studio 2010\Projects\_Argos\_Argos_setting_12\Debug\_Argos_setting_12.exe" /INCREMENTAL /NOLOGO /MANIFEST /ManifestFile:"Debug\_Argos_setting_12.exe.intermediate.manifest" /MANIFESTUAC:"level='asInvoker' uiAccess='false'" /DEBUG /PDB:"C:\Users\main\Documents\Visual Studio 2010\Projects\_Argos\_Argos_setting_12\Debug\_Argos_setting_12.pdb" /SUBSYSTEM:WINDOWS /TLBID:1 /DYNAMICBASE /NXCOMPAT /IMPLIB:"C:\Users\main\Documents\Visual Studio 2010\Projects\_Argos\_Argos_setting_12\Debug\_Argos_setting_12.lib" /MACHINE:X86 Debug\_Argos_setting_12.res
         Debug\_Argos_setting_12.exe.embed.manifest.res
         Debug\stdafx.obj
         Debug\_Argos_setting_12.obj
         Debug\_Argos_setting_12Dlg.obj
       Manifest:
         C:\Program Files (x86)\Microsoft SDKs\Windows\v7.0A\bin\mt.exe /nologo /verbose /out:"Debug\_Argos_setting_12.exe.embed.manifest" /manifest Debug\_Argos_setting_12.exe.intermediate.manifest "C:\Program Files (x86)\Microsoft Visual Studio 10.0\VC\Include\Manifest\dpiaware.manifest"
         모든 출력이 최신 상태입니다.
       LinkEmbedManifest:
         모든 출력이 최신 상태입니다.
         _Argos_setting_12.vcxproj -> C:\Users\main\Documents\Visual Studio 2010\Projects\_Argos\_Argos_setting_12\Debug\_Argos_setting_12.exe
       FinalizeBuildStatus:
         "Debug\_Argos_setting_12.unsuccessfulbuild" 파일을 삭제하고 있습니다.
         "Debug\_Argos_setting_12.lastbuildstate"에 연결(touching)하고 있습니다.
     1>"C:\Users\main\Documents\Visual Studio 2010\Projects\_Argos\_Argos_setting_12\_Argos_setting_12\_Argos_setting_12.vcxproj" 프로젝트를 빌드했습니다(build 대상).

빌드했습니다.

경과 시간: 00:00:00.39
