빌드 시작: 2019-06-11 오후 4:26:22
     1>2 노드의 "c:\Users\main\documents\visual studio 2010\Projects\_list\_list\_list.vcxproj" 프로젝트(build 대상)입니다.
     1>PrepareForBuild:
         "c:\users\main\documents\visual studio 2010\Projects\_list\Debug\" 디렉터리를 만들고 있습니다.
       InitializeBuildStatus:
         "AlwaysCreate"이(가) 지정되었기 때문에 "Debug\_list.unsuccessfulbuild"을(를) 만들고 있습니다.
       ClCompile:
         C:\Program Files (x86)\Microsoft Visual Studio 10.0\VC\bin\CL.exe /c /ZI /nologo /W3 /WX- /Od /Oy- /D WIN32 /D _WINDOWS /D _DEBUG /D _MBCS /D _AFXDLL /Gm /EHsc /RTC1 /MDd /GS /fp:precise /Zc:wchar_t /Zc:forScope /Yc"StdAfx.h" /Fp"Debug\_list.pch" /Fo"Debug\\" /Fd"Debug\vc100.pdb" /Gd /TP /analyze- /errorReport:prompt stdafx.cpp
         stdafx.cpp
         C:\Program Files (x86)\Microsoft Visual Studio 10.0\VC\bin\CL.exe /c /ZI /nologo /W3 /WX- /Od /Oy- /D WIN32 /D _WINDOWS /D _DEBUG /D _MBCS /D _AFXDLL /Gm /EHsc /RTC1 /MDd /GS /fp:precise /Zc:wchar_t /Zc:forScope /Yu"StdAfx.h" /Fp"Debug\_list.pch" /Fo"Debug\\" /Fd"Debug\vc100.pdb" /Gd /TP /analyze- /errorReport:prompt _list.cpp _listDlg.cpp
         _listDlg.cpp
         _list.cpp
         코드를 생성하고 있습니다...
       ResourceCompile:
         C:\Program Files (x86)\Microsoft SDKs\Windows\v7.0A\bin\rc.exe /D _DEBUG /D _AFXDLL /l"0x0412" /IDebug\ /nologo /fo"Debug\_list.res" _list.rc 
       ManifestResourceCompile:
         C:\Program Files (x86)\Microsoft SDKs\Windows\v7.0A\bin\rc.exe /nologo /fo"Debug\_list.exe.embed.manifest.res" Debug\_list_manifest.rc 
       Link:
         C:\Program Files (x86)\Microsoft Visual Studio 10.0\VC\bin\link.exe /ERRORREPORT:PROMPT /OUT:"c:\users\main\documents\visual studio 2010\Projects\_list\Debug\_list.exe" /INCREMENTAL /NOLOGO /MANIFEST /ManifestFile:"Debug\_list.exe.intermediate.manifest" /MANIFESTUAC:"level='asInvoker' uiAccess='false'" /DEBUG /PDB:"c:\users\main\documents\visual studio 2010\Projects\_list\Debug\_list.pdb" /SUBSYSTEM:WINDOWS /TLBID:1 /DYNAMICBASE /NXCOMPAT /IMPLIB:"c:\users\main\documents\visual studio 2010\Projects\_list\Debug\_list.lib" /MACHINE:X86 Debug\_list.res
         Debug\_list.exe.embed.manifest.res
         Debug\stdafx.obj
         Debug\_list.obj
         Debug\_listDlg.obj
       Manifest:
         C:\Program Files (x86)\Microsoft SDKs\Windows\v7.0A\bin\mt.exe /nologo /verbose /out:"Debug\_list.exe.embed.manifest" /manifest Debug\_list.exe.intermediate.manifest "C:\Program Files (x86)\Microsoft Visual Studio 10.0\VC\Include\Manifest\dpiaware.manifest"
         C:\Program Files (x86)\Microsoft SDKs\Windows\v7.0A\bin\rc.exe /nologo /fo"Debug\_list.exe.embed.manifest.res" Debug\_list_manifest.rc 
       LinkEmbedManifest:
         C:\Program Files (x86)\Microsoft Visual Studio 10.0\VC\bin\link.exe /ERRORREPORT:PROMPT /OUT:"c:\users\main\documents\visual studio 2010\Projects\_list\Debug\_list.exe" /INCREMENTAL /NOLOGO /MANIFEST /ManifestFile:"Debug\_list.exe.intermediate.manifest" /MANIFESTUAC:"level='asInvoker' uiAccess='false'" /DEBUG /PDB:"c:\users\main\documents\visual studio 2010\Projects\_list\Debug\_list.pdb" /SUBSYSTEM:WINDOWS /TLBID:1 /DYNAMICBASE /NXCOMPAT /IMPLIB:"c:\users\main\documents\visual studio 2010\Projects\_list\Debug\_list.lib" /MACHINE:X86 Debug\_list.res
         Debug\_list.exe.embed.manifest.res
         Debug\stdafx.obj
         Debug\_list.obj
         Debug\_listDlg.obj
         _list.vcxproj -> c:\users\main\documents\visual studio 2010\Projects\_list\Debug\_list.exe
       FinalizeBuildStatus:
         "Debug\_list.unsuccessfulbuild" 파일을 삭제하고 있습니다.
         "Debug\_list.lastbuildstate"에 연결(touching)하고 있습니다.
     1>"c:\Users\main\documents\visual studio 2010\Projects\_list\_list\_list.vcxproj" 프로젝트를 빌드했습니다(build 대상).

빌드했습니다.

경과 시간: 00:00:08.63
