빌드 시작: 2019-06-11 오후 6:14:01
     1>2 노드의 "C:\Users\main\Documents\Visual Studio 2010\Projects\_bitmap\_bitmap\_bitmap.vcxproj" 프로젝트(build 대상)입니다.
     1>InitializeBuildStatus:
         "AlwaysCreate"이(가) 지정되었기 때문에 "Debug\_bitmap.unsuccessfulbuild"을(를) 만들고 있습니다.
       ClCompile:
         모든 출력이 최신 상태입니다.
         C:\Program Files (x86)\Microsoft Visual Studio 10.0\VC\bin\CL.exe /c /ZI /nologo /W3 /WX- /Od /Oy- /D WIN32 /D _WINDOWS /D _DEBUG /D _UNICODE /D UNICODE /D _AFXDLL /Gm /EHsc /RTC1 /MDd /GS /fp:precise /Zc:wchar_t /Zc:forScope /Yu"StdAfx.h" /Fp"Debug\_bitmap.pch" /Fo"Debug\\" /Fd"Debug\vc100.pdb" /Gd /TP /analyze- /errorReport:prompt _bitmapDlg.cpp
         _bitmapDlg.cpp
       ResourceCompile:
         모든 출력이 최신 상태입니다.
       ManifestResourceCompile:
         모든 출력이 최신 상태입니다.
       Link:
         C:\Program Files (x86)\Microsoft Visual Studio 10.0\VC\bin\link.exe /ERRORREPORT:PROMPT /OUT:"C:\Users\main\Documents\Visual Studio 2010\Projects\_bitmap\Debug\_bitmap.exe" /INCREMENTAL /NOLOGO /MANIFEST /ManifestFile:"Debug\_bitmap.exe.intermediate.manifest" /MANIFESTUAC:"level='asInvoker' uiAccess='false'" /DEBUG /PDB:"C:\Users\main\Documents\Visual Studio 2010\Projects\_bitmap\Debug\_bitmap.pdb" /SUBSYSTEM:WINDOWS /TLBID:1 /ENTRY:"wWinMainCRTStartup" /DYNAMICBASE /NXCOMPAT /IMPLIB:"C:\Users\main\Documents\Visual Studio 2010\Projects\_bitmap\Debug\_bitmap.lib" /MACHINE:X86 Debug\_bitmap.res
         Debug\_bitmap.exe.embed.manifest.res
         Debug\stdafx.obj
         Debug\_bitmap.obj
         Debug\_bitmapDlg.obj
       Manifest:
         C:\Program Files (x86)\Microsoft SDKs\Windows\v7.0A\bin\mt.exe /nologo /verbose /out:"Debug\_bitmap.exe.embed.manifest" /manifest Debug\_bitmap.exe.intermediate.manifest "C:\Program Files (x86)\Microsoft Visual Studio 10.0\VC\Include\Manifest\dpiaware.manifest"
         모든 출력이 최신 상태입니다.
       LinkEmbedManifest:
         모든 출력이 최신 상태입니다.
         _bitmap.vcxproj -> C:\Users\main\Documents\Visual Studio 2010\Projects\_bitmap\Debug\_bitmap.exe
       FinalizeBuildStatus:
         "Debug\_bitmap.unsuccessfulbuild" 파일을 삭제하고 있습니다.
         "Debug\_bitmap.lastbuildstate"에 연결(touching)하고 있습니다.
     1>"C:\Users\main\Documents\Visual Studio 2010\Projects\_bitmap\_bitmap\_bitmap.vcxproj" 프로젝트를 빌드했습니다(build 대상).

빌드했습니다.

경과 시간: 00:00:04.37
