빌드 시작: 2019-06-04 오후 4:48:13
     1>2 노드의 "C:\Users\main\Documents\Visual Studio 2010\Projects\_project\_project\_project.vcxproj" 프로젝트(build 대상)입니다.
     1>InitializeBuildStatus:
         "AlwaysCreate"이(가) 지정되었기 때문에 "Debug\_project.unsuccessfulbuild"을(를) 만들고 있습니다.
       ClCompile:
         C:\Program Files (x86)\Microsoft Visual Studio 10.0\VC\bin\CL.exe /c /ZI /nologo /W3 /WX- /Od /Oy- /D WIN32 /D _DEBUG /D _CONSOLE /D _UNICODE /D UNICODE /Gm /EHsc /RTC1 /MDd /GS /fp:precise /Zc:wchar_t /Zc:forScope /Fo"Debug\\" /Fd"Debug\vc100.pdb" /Gd /TP /analyze- /errorReport:prompt _Y_strcpy_s.cpp
         _Y_strcpy_s.cpp
       ManifestResourceCompile:
         모든 출력이 최신 상태입니다.
       Link:
         C:\Program Files (x86)\Microsoft Visual Studio 10.0\VC\bin\link.exe /ERRORREPORT:PROMPT /OUT:"C:\Users\main\Documents\Visual Studio 2010\Projects\_project\Debug\_project.exe" /INCREMENTAL /NOLOGO kernel32.lib user32.lib gdi32.lib winspool.lib comdlg32.lib advapi32.lib shell32.lib ole32.lib oleaut32.lib uuid.lib odbc32.lib odbccp32.lib /MANIFEST /ManifestFile:"Debug\_project.exe.intermediate.manifest" /MANIFESTUAC:"level='asInvoker' uiAccess='false'" /DEBUG /PDB:"C:\Users\main\Documents\Visual Studio 2010\Projects\_project\Debug\_project.pdb" /SUBSYSTEM:CONSOLE /TLBID:1 /DYNAMICBASE /NXCOMPAT /IMPLIB:"C:\Users\main\Documents\Visual Studio 2010\Projects\_project\Debug\_project.lib" /MACHINE:X86 Debug\_project.exe.embed.manifest.res
         Debug\_strcmp.obj
         Debug\_strcspn.obj
         Debug\_all.obj
         Debug\_strcat.obj
         Debug\_strchr.obj
         Debug\_strcpy.obj
         Debug\_Y_strcpy_s.obj
         Debug\_Y_strlen.obj
         Debug\_strstr.obj
         Debug\_strstr1.obj
         Debug\_Y_strchr.obj
         Debug\_Y_strcmp.obj
         Debug\_Y_strncmp.obj
         Debug\__strcat.obj
       Manifest:
         C:\Program Files (x86)\Microsoft SDKs\Windows\v7.0A\bin\mt.exe /nologo /verbose /out:"Debug\_project.exe.embed.manifest" /manifest Debug\_project.exe.intermediate.manifest
         모든 출력이 최신 상태입니다.
       LinkEmbedManifest:
         모든 출력이 최신 상태입니다.
         _project.vcxproj -> C:\Users\main\Documents\Visual Studio 2010\Projects\_project\Debug\_project.exe
       FinalizeBuildStatus:
         "Debug\_project.unsuccessfulbuild" 파일을 삭제하고 있습니다.
         "Debug\_project.lastbuildstate"에 연결(touching)하고 있습니다.
     1>"C:\Users\main\Documents\Visual Studio 2010\Projects\_project\_project\_project.vcxproj" 프로젝트를 빌드했습니다(build 대상).

빌드했습니다.

경과 시간: 00:00:01.11
