빌드 시작: 2019-06-19 오후 5:04:39
     1>2 노드의 "C:\Users\main\Documents\Visual Studio 2010\Projects\_Argos\_Argos_tap\_Argos_tap\_Argos_tap.vcxproj" 프로젝트(build 대상)입니다.
     1>InitializeBuildStatus:
         "AlwaysCreate"이(가) 지정되었기 때문에 "Debug\_Argos_tap.unsuccessfulbuild"을(를) 만들고 있습니다.
       ClCompile:
         모든 출력이 최신 상태입니다.
         C:\Program Files (x86)\Microsoft Visual Studio 10.0\VC\bin\CL.exe /c /ZI /nologo /W3 /WX- /Od /Oy- /D WIN32 /D _WINDOWS /D _DEBUG /D _MBCS /D _AFXDLL /Gm /EHsc /RTC1 /MDd /GS /fp:precise /Zc:wchar_t /Zc:forScope /Yu"StdAfx.h" /Fp"Debug\_Argos_tap.pch" /Fo"Debug\\" /Fd"Debug\vc100.pdb" /Gd /TP /analyze- /errorReport:prompt _Argos_tapDlg.cpp
         _Argos_tapDlg.cpp
       ResourceCompile:
         모든 출력이 최신 상태입니다.
       ManifestResourceCompile:
         모든 출력이 최신 상태입니다.
       Link:
         C:\Program Files (x86)\Microsoft Visual Studio 10.0\VC\bin\link.exe /ERRORREPORT:PROMPT /OUT:"C:\Users\main\Documents\Visual Studio 2010\Projects\_Argos\_Argos_tap\Debug\_Argos_tap.exe" /INCREMENTAL /NOLOGO /MANIFEST /ManifestFile:"Debug\_Argos_tap.exe.intermediate.manifest" /MANIFESTUAC:"level='asInvoker' uiAccess='false'" /DEBUG /PDB:"C:\Users\main\Documents\Visual Studio 2010\Projects\_Argos\_Argos_tap\Debug\_Argos_tap.pdb" /SUBSYSTEM:WINDOWS /TLBID:1 /DYNAMICBASE /NXCOMPAT /IMPLIB:"C:\Users\main\Documents\Visual Studio 2010\Projects\_Argos\_Argos_tap\Debug\_Argos_tap.lib" /MACHINE:X86 Debug\_Argos_tap.res
         Debug\_Argos_tap.exe.embed.manifest.res
         Debug\stdafx.obj
         Debug\_Argos_tap.obj
         Debug\_Argos_tapDlg.obj
       Manifest:
         C:\Program Files (x86)\Microsoft SDKs\Windows\v7.0A\bin\mt.exe /nologo /verbose /out:"Debug\_Argos_tap.exe.embed.manifest" /manifest Debug\_Argos_tap.exe.intermediate.manifest "C:\Program Files (x86)\Microsoft Visual Studio 10.0\VC\Include\Manifest\dpiaware.manifest"
         모든 출력이 최신 상태입니다.
       LinkEmbedManifest:
         모든 출력이 최신 상태입니다.
         _Argos_tap.vcxproj -> C:\Users\main\Documents\Visual Studio 2010\Projects\_Argos\_Argos_tap\Debug\_Argos_tap.exe
       FinalizeBuildStatus:
         "Debug\_Argos_tap.unsuccessfulbuild" 파일을 삭제하고 있습니다.
         "Debug\_Argos_tap.lastbuildstate"에 연결(touching)하고 있습니다.
     1>"C:\Users\main\Documents\Visual Studio 2010\Projects\_Argos\_Argos_tap\_Argos_tap\_Argos_tap.vcxproj" 프로젝트를 빌드했습니다(build 대상).

빌드했습니다.

경과 시간: 00:00:00.41
