빌드 시작: 2019-06-19 오후 5:26:12
     1>2 노드의 "C:\Users\main\Documents\Visual Studio 2010\Projects\_Argos\_Argos_setting\_Argos_setting\_Argos_setting.vcxproj" 프로젝트(build 대상)입니다.
     1>InitializeBuildStatus:
         "AlwaysCreate"이(가) 지정되었기 때문에 "Debug\_Argos_setting.unsuccessfulbuild"을(를) 만들고 있습니다.
       ClCompile:
         모든 출력이 최신 상태입니다.
         C:\Program Files (x86)\Microsoft Visual Studio 10.0\VC\bin\CL.exe /c /ZI /nologo /W3 /WX- /Od /Oy- /D WIN32 /D _WINDOWS /D _DEBUG /D _MBCS /D _AFXDLL /Gm /EHsc /RTC1 /MDd /GS /fp:precise /Zc:wchar_t /Zc:forScope /Yu"StdAfx.h" /Fp"Debug\_Argos_setting.pch" /Fo"Debug\\" /Fd"Debug\vc100.pdb" /Gd /TP /analyze- /errorReport:prompt _Argos_settingDlg.cpp
         _Argos_settingDlg.cpp
     1>c:\users\main\documents\visual studio 2010\projects\_argos\_argos_setting\_argos_setting\_argos_settingdlg.cpp(223): warning C4996: 'strcpy': This function or variable may be unsafe. Consider using strcpy_s instead. To disable deprecation, use _CRT_SECURE_NO_WARNINGS. See online help for details.
                 c:\program files (x86)\microsoft visual studio 10.0\vc\include\string.h(105) : 'strcpy' 선언을 참조하십시오.
     1>c:\users\main\documents\visual studio 2010\projects\_argos\_argos_setting\_argos_setting\_argos_settingdlg.cpp(224): warning C4996: 'strcpy': This function or variable may be unsafe. Consider using strcpy_s instead. To disable deprecation, use _CRT_SECURE_NO_WARNINGS. See online help for details.
                 c:\program files (x86)\microsoft visual studio 10.0\vc\include\string.h(105) : 'strcpy' 선언을 참조하십시오.
     1>c:\users\main\documents\visual studio 2010\projects\_argos\_argos_setting\_argos_setting\_argos_settingdlg.cpp(225): warning C4996: 'strcpy': This function or variable may be unsafe. Consider using strcpy_s instead. To disable deprecation, use _CRT_SECURE_NO_WARNINGS. See online help for details.
                 c:\program files (x86)\microsoft visual studio 10.0\vc\include\string.h(105) : 'strcpy' 선언을 참조하십시오.
     1>c:\users\main\documents\visual studio 2010\projects\_argos\_argos_setting\_argos_setting\_argos_settingdlg.cpp(226): warning C4996: 'strcpy': This function or variable may be unsafe. Consider using strcpy_s instead. To disable deprecation, use _CRT_SECURE_NO_WARNINGS. See online help for details.
                 c:\program files (x86)\microsoft visual studio 10.0\vc\include\string.h(105) : 'strcpy' 선언을 참조하십시오.
     1>c:\users\main\documents\visual studio 2010\projects\_argos\_argos_setting\_argos_setting\_argos_settingdlg.cpp(227): warning C4996: 'strcpy': This function or variable may be unsafe. Consider using strcpy_s instead. To disable deprecation, use _CRT_SECURE_NO_WARNINGS. See online help for details.
                 c:\program files (x86)\microsoft visual studio 10.0\vc\include\string.h(105) : 'strcpy' 선언을 참조하십시오.
     1>c:\users\main\documents\visual studio 2010\projects\_argos\_argos_setting\_argos_setting\_argos_settingdlg.cpp(228): warning C4996: 'strcpy': This function or variable may be unsafe. Consider using strcpy_s instead. To disable deprecation, use _CRT_SECURE_NO_WARNINGS. See online help for details.
                 c:\program files (x86)\microsoft visual studio 10.0\vc\include\string.h(105) : 'strcpy' 선언을 참조하십시오.
       ResourceCompile:
         모든 출력이 최신 상태입니다.
       ManifestResourceCompile:
         모든 출력이 최신 상태입니다.
       Link:
         C:\Program Files (x86)\Microsoft Visual Studio 10.0\VC\bin\link.exe /ERRORREPORT:PROMPT /OUT:"C:\Users\main\Documents\Visual Studio 2010\Projects\_Argos\_Argos_setting\Debug\_Argos_setting.exe" /INCREMENTAL /NOLOGO /MANIFEST /ManifestFile:"Debug\_Argos_setting.exe.intermediate.manifest" /MANIFESTUAC:"level='asInvoker' uiAccess='false'" /DEBUG /PDB:"C:\Users\main\Documents\Visual Studio 2010\Projects\_Argos\_Argos_setting\Debug\_Argos_setting.pdb" /SUBSYSTEM:WINDOWS /TLBID:1 /DYNAMICBASE /NXCOMPAT /IMPLIB:"C:\Users\main\Documents\Visual Studio 2010\Projects\_Argos\_Argos_setting\Debug\_Argos_setting.lib" /MACHINE:X86 Debug\_Argos_setting.res
         Debug\_Argos_setting.exe.embed.manifest.res
         Debug\stdafx.obj
         Debug\_Argos_setting.obj
         Debug\_Argos_settingDlg.obj
       Manifest:
         C:\Program Files (x86)\Microsoft SDKs\Windows\v7.0A\bin\mt.exe /nologo /verbose /out:"Debug\_Argos_setting.exe.embed.manifest" /manifest Debug\_Argos_setting.exe.intermediate.manifest "C:\Program Files (x86)\Microsoft Visual Studio 10.0\VC\Include\Manifest\dpiaware.manifest"
         모든 출력이 최신 상태입니다.
       LinkEmbedManifest:
         모든 출력이 최신 상태입니다.
         _Argos_setting.vcxproj -> C:\Users\main\Documents\Visual Studio 2010\Projects\_Argos\_Argos_setting\Debug\_Argos_setting.exe
       FinalizeBuildStatus:
         "Debug\_Argos_setting.unsuccessfulbuild" 파일을 삭제하고 있습니다.
         "Debug\_Argos_setting.lastbuildstate"에 연결(touching)하고 있습니다.
     1>"C:\Users\main\Documents\Visual Studio 2010\Projects\_Argos\_Argos_setting\_Argos_setting\_Argos_setting.vcxproj" 프로젝트를 빌드했습니다(build 대상).

빌드했습니다.

경과 시간: 00:00:12.69
