빌드 시작: 2019-06-17 오후 5:46:18
     1>2 노드의 "C:\Users\main\Documents\Visual Studio 2010\Projects\_Argos\_Argos_fileread\_Argos_fileread\_Argos_fileread.vcxproj" 프로젝트(build 대상)입니다.
     1>InitializeBuildStatus:
         "AlwaysCreate"이(가) 지정되었기 때문에 "Debug\_Argos_fileread.unsuccessfulbuild"을(를) 만들고 있습니다.
       ClCompile:
         C:\Program Files (x86)\Microsoft Visual Studio 10.0\VC\bin\CL.exe /c /ZI /nologo /W3 /WX- /Od /Oy- /D WIN32 /D _DEBUG /D _CONSOLE /D _UNICODE /D UNICODE /Gm /EHsc /RTC1 /MDd /GS /fp:precise /Zc:wchar_t /Zc:forScope /Fo"Debug\\" /Fd"Debug\vc100.pdb" /Gd /TP /analyze- /errorReport:prompt read_write.cpp
         read_write.cpp
       ManifestResourceCompile:
         모든 출력이 최신 상태입니다.
       Link:
         C:\Program Files (x86)\Microsoft Visual Studio 10.0\VC\bin\link.exe /ERRORREPORT:PROMPT /OUT:"C:\Users\main\Documents\Visual Studio 2010\Projects\_Argos\_Argos_fileread\Debug\_Argos_fileread.exe" /INCREMENTAL /NOLOGO kernel32.lib user32.lib gdi32.lib winspool.lib comdlg32.lib advapi32.lib shell32.lib ole32.lib oleaut32.lib uuid.lib odbc32.lib odbccp32.lib /MANIFEST /ManifestFile:"Debug\_Argos_fileread.exe.intermediate.manifest" /MANIFESTUAC:"level='asInvoker' uiAccess='false'" /DEBUG /PDB:"C:\Users\main\Documents\Visual Studio 2010\Projects\_Argos\_Argos_fileread\Debug\_Argos_fileread.pdb" /SUBSYSTEM:CONSOLE /TLBID:1 /DYNAMICBASE /NXCOMPAT /IMPLIB:"C:\Users\main\Documents\Visual Studio 2010\Projects\_Argos\_Argos_fileread\Debug\_Argos_fileread.lib" /MACHINE:X86 Debug\_Argos_fileread.exe.embed.manifest.res
         Debug\read_write.obj
       Manifest:
         C:\Program Files (x86)\Microsoft SDKs\Windows\v7.0A\bin\mt.exe /nologo /verbose /out:"Debug\_Argos_fileread.exe.embed.manifest" /manifest Debug\_Argos_fileread.exe.intermediate.manifest
         모든 출력이 최신 상태입니다.
       LinkEmbedManifest:
         모든 출력이 최신 상태입니다.
         _Argos_fileread.vcxproj -> C:\Users\main\Documents\Visual Studio 2010\Projects\_Argos\_Argos_fileread\Debug\_Argos_fileread.exe
       FinalizeBuildStatus:
         "Debug\_Argos_fileread.unsuccessfulbuild" 파일을 삭제하고 있습니다.
         "Debug\_Argos_fileread.lastbuildstate"에 연결(touching)하고 있습니다.
     1>"C:\Users\main\Documents\Visual Studio 2010\Projects\_Argos\_Argos_fileread\_Argos_fileread\_Argos_fileread.vcxproj" 프로젝트를 빌드했습니다(build 대상).

빌드했습니다.

경과 시간: 00:00:01.08
